DEB [20190704-21:48:47.885] thr=1   paramiko.transport: starting thread (client mode): 0x73dfc130L
DEB [20190704-21:48:47.888] thr=1   paramiko.transport: Local version/idstring: SSH-2.0-paramiko_2.0.0
DEB [20190704-21:48:47.950] thr=1   paramiko.transport: Remote version/idstring: SSH-2.0-OpenSSH_7.4p1 Raspbian-10+deb9u1
INF [20190704-21:48:47.951] thr=1   paramiko.transport: Connected (version 2.0, client OpenSSH_7.4p1)
DEB [20190704-21:48:47.955] thr=1   paramiko.transport: kex algos:[u'curve25519-sha256', u'curve25519-sha256@libssh.org', u'ecdh-sha2-nistp256', u'ecdh-sha2-nistp384', u'ecdh-sha2-nistp521', u'diffie-hellman-group-exchange-sha256', u'diffie-hellman-group16-sha512', u'diffie-hellman-group18-sha512', u'diffie-hellman-group14-sha256', u'diffie-hellman-group14-sha1'] server key:[u'ssh-rsa', u'rsa-sha2-512', u'rsa-sha2-256', u'ecdsa-sha2-nistp256', u'ssh-ed25519'] client encrypt:[u'chacha20-poly1305@openssh.com', u'aes128-ctr', u'aes192-ctr', u'aes256-ctr', u'aes128-gcm@openssh.com', u'aes256-gcm@openssh.com'] server encrypt:[u'chacha20-poly1305@openssh.com', u'aes128-ctr', u'aes192-ctr', u'aes256-ctr', u'aes128-gcm@openssh.com', u'aes256-gcm@openssh.com'] client mac:[u'umac-64-etm@openssh.com', u'umac-128-etm@openssh.com', u'hmac-sha2-256-etm@openssh.com', u'hmac-sha2-512-etm@openssh.com', u'hmac-sha1-etm@openssh.com', u'umac-64@openssh.com', u'umac-128@openssh.com', u'hmac-sha2-256', u'hmac-sha2-512', u'hmac-sha1'] server mac:[u'umac-64-etm@openssh.com', u'umac-128-etm@openssh.com', u'hmac-sha2-256-etm@openssh.com', u'hmac-sha2-512-etm@openssh.com', u'hmac-sha1-etm@openssh.com', u'umac-64@openssh.com', u'umac-128@openssh.com', u'hmac-sha2-256', u'hmac-sha2-512', u'hmac-sha1'] client compress:[u'none', u'zlib@openssh.com'] server compress:[u'none', u'zlib@openssh.com'] client lang:[u''] server lang:[u''] kex follows?False
DEB [20190704-21:48:47.956] thr=1   paramiko.transport: Kex agreed: diffie-hellman-group14-sha1
DEB [20190704-21:48:47.957] thr=1   paramiko.transport: Cipher agreed: aes128-ctr
DEB [20190704-21:48:47.957] thr=1   paramiko.transport: MAC agreed: hmac-sha2-256
DEB [20190704-21:48:47.958] thr=1   paramiko.transport: Compression agreed: none
DEB [20190704-21:48:50.146] thr=1   paramiko.transport: kex engine KexGroup14 specified hash_algo <built-in function openssl_sha1>
DEB [20190704-21:48:50.153] thr=1   paramiko.transport: Switch to new keys ...
DEB [20190704-21:48:50.172] thr=2   paramiko.transport: Adding ssh-rsa host key for 192.168.43.134: 4554950a1e4b58dd2d27fb4624e8ff5c
DEB [20190704-21:48:50.181] thr=2   paramiko.transport: Trying discovered key 3b2d00d715cbece9847ab5d9dfe9d7f0 in /home/pi/.ssh/id_rsa
DEB [20190704-21:48:50.191] thr=1   paramiko.transport: userauth is OK
INF [20190704-21:48:50.294] thr=1   paramiko.transport: Authentication (publickey) failed.
DEB [20190704-21:48:50.305] thr=1   paramiko.transport: userauth is OK
INF [20190704-21:48:50.460] thr=1   paramiko.transport: Authentication (password) successful!
DEB [20190704-21:48:50.466] thr=2   paramiko.transport: [chan 0] Max packet in: 32768 bytes
DEB [20190704-21:48:50.562] thr=1   paramiko.transport: Received global request "hostkeys-00@openssh.com"
DEB [20190704-21:48:50.562] thr=1   paramiko.transport: Rejecting "hostkeys-00@openssh.com" global request from server.
DEB [20190704-21:48:50.616] thr=1   paramiko.transport: [chan 0] Max packet out: 32768 bytes
DEB [20190704-21:48:50.617] thr=1   paramiko.transport: Secsh channel 0 opened.
DEB [20190704-21:48:50.643] thr=1   paramiko.transport: [chan 0] Sesch channel 0 request ok
DEB [20190704-21:48:50.742] thr=1   paramiko.transport: [chan 0] EOF received (0)
DEB [20190704-21:48:50.745] thr=1   paramiko.transport: EOF in transport thread
